<?xml version="1.0" encoding="UTF-8"?>
<testng-results ignored="0" total="1" passed="1" failed="0" skipped="0">
  <reporter-output>
  </reporter-output>
  <suite started-at="2025-01-19T17:09:52 IST" name="Suite" finished-at="2025-01-19T17:10:02 IST" duration-ms="10336">
    <groups>
    </groups>
    <test started-at="2025-01-19T17:09:52 IST" name="Test" finished-at="2025-01-19T17:10:02 IST" duration-ms="10336">
      <class name="com.pages.TestSelingpage">
        <test-method is-config="true" signature="setUp()[pri:0, instance:com.pages.TestSelingpage@77888435]" started-at="2025-01-19T17:09:47 IST" name="setUp" finished-at="2025-01-19T17:09:52 IST" duration-ms="4353" status="PASS">
          <reporter-output>
          </reporter-output>
        </test-method> <!-- setUp -->
        <test-method signature="test02()[pri:0, instance:com.pages.TestSelingpage@77888435]" started-at="2025-01-19T17:09:52 IST" name="test02" finished-at="2025-01-19T17:10:02 IST" duration-ms="10225" status="PASS">
          <reporter-output>
          </reporter-output>
        </test-method> <!-- test02 -->
      </class> <!-- com.pages.TestSelingpage -->
    </test> <!-- Test -->
  </suite> <!-- Suite -->
</testng-results>
